<?xml version="1.0" encoding="UTF-8"?>
<!-- Generated by org.testng.reporters.JUnitReportReporter -->
<testsuite hostname="ammars-macbook-pro.home" failures="0" tests="4" name="swaglabs.MyTestCases" time="6.309" errors="0" timestamp="2025-09-01T12:18:58 EET" skipped="0">
  <testcase classname="swaglabs.MyTestCases" name="loginWithNormalUser" time="0.319"/>
  <testcase classname="swaglabs.MyTestCases" name="AddItems" time="0.077"/>
  <testcase classname="swaglabs.MyTestCases" name="CheckOutProcess" time="0.265"/>
  <testcase classname="swaglabs.MyTestCases" name="FinishTest" time="5.648"/>
</testsuite> <!-- swaglabs.MyTestCases -->
