<?xml version="1.0" encoding="UTF-8"?>
<!-- Generated by org.testng.reporters.JUnitReportReporter -->
<testsuite hostname="ammars-macbook-pro.home" failures="0" tests="2" name="swaglabs.AddRandomItem" time="2.888" errors="0" timestamp="2025-09-08T09:27:00 EET" skipped="0">
  <testcase classname="swaglabs.AddRandomItem" name="loginWithNormalUser" time="2.490"/>
  <testcase classname="swaglabs.AddRandomItem" name="AddRandomitem" time="0.398"/>
</testsuite> <!-- swaglabs.AddRandomItem -->
